Start testing: Jul 16 09:26 CEST
----------------------------------------------------------
Unable to find executable: /Users/anthony/CLionProjects/Option_pricer/build/tests/Option_tester
1/1 Testing: OptionTester
1/1 Test: OptionTester
Command: ""
Directory: /Users/anthony/CLionProjects/Option_pricer/build/tests
"OptionTester" start time: 
Output:
----------------------------------------------------------
<end of output>
Test time =   0.00 sec
----------------------------------------------------------
Test Passed.
"OptionTester" end time: Jul 16 09:26 CEST
"OptionTester" time elapsed: 00:00:00
----------------------------------------------------------

End testing: Jul 16 09:26 CEST
