<?xml version="1.0" encoding="UTF-8"?>
<Site BuildName="(empty)"
	BuildStamp="20240602-1052-Experimental"
	Name="(empty)"
	Generator="ctest-3.26.3"
	CompilerName=""
	CompilerVersion=""
	OSName="macOS"
	Hostname="MacBook-Air-de-anthony-2.local"
	OSRelease="14.0"
	OSVersion="23A344"
	OSPlatform="x86_64"
	Is64Bits="1"
	VendorString="GenuineIntel"
	VendorID="Intel Corporation"
	FamilyID="6"
	ModelID="126"
	ProcessorCacheSize="32768"
	NumberOfLogicalCPU="8"
	NumberOfPhysicalCPU="4"
	TotalVirtualMemory="6144"
	TotalPhysicalMemory="8192"
	LogicalProcessorsPerPhysical="8"
	ProcessorClockFrequency="1200"
	>
	<Testing>
		<StartDateTime>Jun 02 20:08 CEST</StartDateTime>
		<StartTestTime>1717351717</StartTestTime>
		<TestList/>
		<EndDateTime>Jun 02 20:08 CEST</EndDateTime>
		<EndTestTime>1717351717</EndTestTime>
		<ElapsedMinutes>0</ElapsedMinutes>
	</Testing>
</Site>
