Start testing: Jul 17 08:04 CEST
----------------------------------------------------------
1/2 Testing: UnitTests
1/2 Test: UnitTests
Command: "/Users/anthony/CLionProjects/Option_pricer/cmake-build-cmake/tests/unit/Unit_tests"
Directory: /Users/anthony/CLionProjects/Option_pricer/cmake-build-cmake/tests/unit
"UnitTests" start time: Jul 17 08:04 CEST
Output:
----------------------------------------------------------
[==========] Running 12 tests from 4 test suites.
[----------] Global test environment set-up.
[----------] 6 tests from MarketDataTest
[ RUN      ] MarketDataTest.SingletonInstance
[       OK ] MarketDataTest.SingletonInstance (0 ms)
[ RUN      ] MarketDataTest.NotifyObserver
[       OK ] MarketDataTest.NotifyObserver (0 ms)
[ RUN      ] MarketDataTest.NotifyAllObservers
[       OK ] MarketDataTest.NotifyAllObservers (0 ms)
[ RUN      ] MarketDataTest.AddAndUpdateStockData
[       OK ] MarketDataTest.AddAndUpdateStockData (0 ms)
[ RUN      ] MarketDataTest.UpdateNonExistentStock
[       OK ] MarketDataTest.UpdateNonExistentStock (0 ms)
[ RUN      ] MarketDataTest.RiskFreeRate
[       OK ] MarketDataTest.RiskFreeRate (0 ms)
[----------] 6 tests from MarketDataTest (0 ms total)

[----------] 1 test from StockDataTest
[ RUN      ] StockDataTest.InvalidStockData
[       OK ] StockDataTest.InvalidStockData (0 ms)
[----------] 1 test from StockDataTest (0 ms total)

[----------] 4 tests from PayoffSingleStrikeTest
[ RUN      ] PayoffSingleStrikeTest.PayoffCallTests
[       OK ] PayoffSingleStrikeTest.PayoffCallTests (0 ms)
[ RUN      ] PayoffSingleStrikeTest.PayoffPutTests
[       OK ] PayoffSingleStrikeTest.PayoffPutTests (0 ms)
[ RUN      ] PayoffSingleStrikeTest.PayoffDigitalCallTests
[       OK ] PayoffSingleStrikeTest.PayoffDigitalCallTests (0 ms)
[ RUN      ] PayoffSingleStrikeTest.PayoffDigitalPutTests
[       OK ] PayoffSingleStrikeTest.PayoffDigitalPutTests (0 ms)
[----------] 4 tests from PayoffSingleStrikeTest (0 ms total)

[----------] 1 test from PayoffDoubleStrikesTest
[ RUN      ] PayoffDoubleStrikesTest.PayoffDoubleDigitalTests
[       OK ] PayoffDoubleStrikesTest.PayoffDoubleDigitalTests (0 ms)
[----------] 1 test from PayoffDoubleStrikesTest (0 ms total)

[----------] Global test environment tear-down
[==========] 12 tests from 4 test suites ran. (0 ms total)
[  PASSED  ] 12 tests.
<end of output>
Test time =   0.02 sec
----------------------------------------------------------
Test Passed.
"UnitTests" end time: Jul 17 08:04 CEST
"UnitTests" time elapsed: 00:00:00
----------------------------------------------------------

2/2 Testing: IntegrationTests
2/2 Test: IntegrationTests
Command: "/Users/anthony/CLionProjects/Option_pricer/cmake-build-cmake/tests/integration/Integration_tests"
Directory: /Users/anthony/CLionProjects/Option_pricer/cmake-build-cmake/tests/integration
"IntegrationTests" start time: Jul 17 08:04 CEST
Output:
----------------------------------------------------------
[==========] Running 0 tests from 0 test suites.
[==========] 0 tests from 0 test suites ran. (0 ms total)
[  PASSED  ] 0 tests.
<end of output>
Test time =   0.02 sec
----------------------------------------------------------
Test Passed.
"IntegrationTests" end time: Jul 17 08:04 CEST
"IntegrationTests" time elapsed: 00:00:00
----------------------------------------------------------

End testing: Jul 17 08:04 CEST
